Determining if the pthread_create exist failed with the following output:
Change Dir: /home/jose/catkin_ws/build/CMakeFiles/CMakeTmp

Run Build Command:"/usr/bin/make" "cmTC_7838e/fast"
/usr/bin/make -f CMakeFiles/cmTC_7838e.dir/build.make CMakeFiles/cmTC_7838e.dir/build
make[1]: Entering directory '/home/jose/catkin_ws/build/CMakeFiles/CMakeTmp'
Building C object CMakeFiles/cmTC_7838e.dir/CheckSymbolExists.c.o
/usr/bin/cc    -o CMakeFiles/cmTC_7838e.dir/CheckSymbolExists.c.o   -c /home/jose/catkin_ws/build/CMakeFiles/CMakeTmp/CheckSymbolExists.c
Linking C executable cmTC_7838e
/usr/bin/cmake -E cmake_link_script CMakeFiles/cmTC_7838e.dir/link.txt --verbose=1
/usr/bin/cc      -rdynamic CMakeFiles/cmTC_7838e.dir/CheckSymbolExists.c.o  -o cmTC_7838e 
CMakeFiles/cmTC_7838e.dir/CheckSymbolExists.c.o: In function `main':
CheckSymbolExists.c:(.text+0x1b): undefined reference to `pthread_create'
collect2: error: ld returned 1 exit status
CMakeFiles/cmTC_7838e.dir/build.make:97: recipe for target 'cmTC_7838e' failed
make[1]: *** [cmTC_7838e] Error 1
make[1]: Leaving directory '/home/jose/catkin_ws/build/CMakeFiles/CMakeTmp'
Makefile:126: recipe for target 'cmTC_7838e/fast' failed
make: *** [cmTC_7838e/fast] Error 2

File /home/jose/catkin_ws/build/CMakeFiles/CMakeTmp/CheckSymbolExists.c:
/* */
#include <pthread.h>

int main(int argc, char** argv)
{
  (void)argv;
#ifndef pthread_create
  return ((int*)(&pthread_create))[argc];
#else
  (void)argc;
  return 0;
#endif
}

Determining if the function pthread_create exists in the pthreads failed with the following output:
Change Dir: /home/jose/catkin_ws/build/CMakeFiles/CMakeTmp

Run Build Command:"/usr/bin/make" "cmTC_61177/fast"
/usr/bin/make -f CMakeFiles/cmTC_61177.dir/build.make CMakeFiles/cmTC_61177.dir/build
make[1]: Entering directory '/home/jose/catkin_ws/build/CMakeFiles/CMakeTmp'
Building C object CMakeFiles/cmTC_61177.dir/CheckFunctionExists.c.o
/usr/bin/cc   -DCHECK_FUNCTION_EXISTS=pthread_create   -o CMakeFiles/cmTC_61177.dir/CheckFunctionExists.c.o   -c /usr/share/cmake-3.10/Modules/CheckFunctionExists.c
Linking C executable cmTC_61177
/usr/bin/cmake -E cmake_link_script CMakeFiles/cmTC_61177.dir/link.txt --verbose=1
/usr/bin/cc  -DCHECK_FUNCTION_EXISTS=pthread_create    -rdynamic CMakeFiles/cmTC_61177.dir/CheckFunctionExists.c.o  -o cmTC_61177 -lpthreads 
/usr/bin/ld: cannot find -lpthreads
collect2: error: ld returned 1 exit status
CMakeFiles/cmTC_61177.dir/build.make:97: recipe for target 'cmTC_61177' failed
make[1]: *** [cmTC_61177] Error 1
make[1]: Leaving directory '/home/jose/catkin_ws/build/CMakeFiles/CMakeTmp'
Makefile:126: recipe for target 'cmTC_61177/fast' failed
make: *** [cmTC_61177/fast] Error 2


